\BOOKMARK [1][-]{section.1}{\376\377\000R\000e\000s\000o\000l\000u\000t\000i\000o\000n}{}% 1
\BOOKMARK [2][-]{subsection.1.1}{\376\377\000I\000n\000p\000u\000t\000\040\000c\000u\000r\000r\000e\000n\000t\000\040\000n\000o\000i\000s\000e\000\040\000l\000i\000m\000i\000t}{section.1}% 2
\BOOKMARK [1][-]{section.2}{\376\377\000I\000n\000p\000u\000t\000\040\000a\000m\000p\000l\000i\000f\000i\000e\000r}{}% 3
\BOOKMARK [2][-]{subsection.2.1}{\376\377\000N\000C\000S\0002\0001\0008\0000\0002\000\040\000o\000n\000l\000y}{section.2}% 4
\BOOKMARK [3][-]{subsubsection.2.1.1}{\376\377\000I\000n\000p\000u\000t\000\040\000c\000u\000r\000r\000e\000n\000t\000\040\000n\000o\000i\000s\000e\000\040\000a\000t\000\040\000h\000i\000g\000h\000\040\000v\000o\000l\000t\000a\000g\000e\000\040\000i\000n\000p\000u\000t}{subsection.2.1}% 5
\BOOKMARK [3][-]{subsubsection.2.1.2}{\376\377\000I\000n\000p\000u\000t\000\040\000c\000u\000r\000r\000e\000n\000t\000\040\000n\000o\000i\000s\000e\000\040\000a\000t\000\040\000l\000o\000w\000\040\000v\000o\000l\000t\000a\000g\000e\000\040\000i\000n\000p\000u\000t}{subsection.2.1}% 6
\BOOKMARK [3][-]{subsubsection.2.1.3}{\376\377\000I\000n\000p\000u\000t\000\040\000v\000o\000l\000t\000a\000g\000e\000\040\000n\000o\000i\000s\000e}{subsection.2.1}% 7
\BOOKMARK [3][-]{subsubsection.2.1.4}{\376\377\000T\000o\000t\000a\000l\000\040\000n\000o\000i\000s\000e\000\040\000a\000t\000\040\000h\000i\000g\000h\000\040\000v\000o\000l\000t\000a\000g\000e\000\040\000i\000n\000p\000u\000t}{subsection.2.1}% 8
\BOOKMARK [3][-]{subsubsection.2.1.5}{\376\377\000I\000D\000K}{subsection.2.1}% 9
\BOOKMARK [2][-]{subsection.2.2}{\376\377\000T\000L\0000\0007\0002\000\040\000a\000n\000d\000\040\000N\000C\000S}{section.2}% 10
\BOOKMARK [1][-]{section.3}{\376\377\000C\000a\000l\000c\000u\000l\000a\000t\000i\000n\000g\000\040\000e\000r\000r\000o\000r\000s}{}% 11
\BOOKMARK [2][-]{subsection.3.1}{\376\377\000O\000f\000f\000s\000e\000t\000\040\000d\000r\000i\000f\000t}{section.3}% 12
\BOOKMARK [2][-]{subsection.3.2}{\376\377\000G\000a\000i\000n\000\040\000d\000r\000i\000f\000t}{section.3}% 13
\BOOKMARK [1][-]{section.4}{\376\377\000P\000o\000w\000e\000r\000\040\000s\000u\000p\000p\000l\000y}{}% 14
\BOOKMARK [2][-]{subsection.4.1}{\376\377\000E\000x\000p\000e\000c\000t\000e\000d\000\040\000l\000o\000a\000d}{section.4}% 15
\BOOKMARK [2][-]{subsection.4.2}{\376\377\000R\000e\000v\000i\000s\000i\000o\000n\000\040\0001}{section.4}% 16
\BOOKMARK [1][-]{section.5}{\376\377\000M\000o\000u\000n\000t\000i\000n\000g\000\040\000h\000o\000l\000e\000s}{}% 17
\BOOKMARK [1][-]{section.6}{\376\377\000I\000n\000p\000u\000t\000\040\000c\000o\000n\000n\000e\000c\000t\000o\000r\000s}{}% 18
\BOOKMARK [2][-]{subsection.6.1}{\376\377\000P\000C\000B\000\040\000m\000o\000u\000n\000t\000\040\000c\000o\000n\000n\000e\000c\000t\000o\000r}{section.6}% 19
\BOOKMARK [2][-]{subsection.6.2}{\376\377\000P\000a\000n\000e\000l\000\040\000m\000o\000u\000n\000t}{section.6}% 20
\BOOKMARK [1][-]{section.7}{\376\377\000C\000h\000a\000r\000g\000i\000n\000g\000\040\000c\000o\000n\000n\000e\000c\000t\000o\000r}{}% 21
\BOOKMARK [2][-]{subsection.7.1}{\376\377\000P\000a\000n\000e\000l\000\040\000m\000o\000u\000n\000t\000\040\000U\000S\000B\000\040\000C}{section.7}% 22
\BOOKMARK [1][-]{section.8}{\376\377\000I\000n\000p\000u\000t\000\040\000d\000i\000v\000i\000d\000e\000r}{}% 23
\BOOKMARK [2][-]{subsection.8.1}{\376\377\000R\000e\000s\000i\000s\000t\000a\000n\000c\000e\000\040\000d\000i\000v\000i\000d\000e\000r}{section.8}% 24
\BOOKMARK [2][-]{subsection.8.2}{\376\377\000C\000a\000p\000a\000c\000i\000t\000a\000n\000c\000e\000\040\000d\000i\000v\000i\000d\000e\000r}{section.8}% 25
\BOOKMARK [3][-]{subsubsection.8.2.1}{\376\377\000T\000r\000i\000m\000\040\000p\000o\000t\000e\000n\000c\000i\000o\000m\000e\000t\000e\000r\000s}{subsection.8.2}% 26
\BOOKMARK [3][-]{subsubsection.8.2.2}{\376\377\000V\000a\000r\000i\000c\000a\000p\000\040\000t\000r\000i\000m\000m\000i\000n\000g}{subsection.8.2}% 27
\BOOKMARK [1][-]{section.9}{\376\377\000O\000f\000f\000s\000e\000t\000\040\000r\000e\000s\000u\000l\000t\000s}{}% 28
\BOOKMARK [2][-]{subsection.9.1}{\376\377\0001\0000\000x\000\040\000g\000a\000i\000n\000\040\000e\000n\000a\000b\000l\000e\000d}{section.9}% 29
\BOOKMARK [2][-]{subsection.9.2}{\376\377\0001\000x\000\040\000g\000a\000i\000n\000\040\000e\000n\000a\000b\000l\000e\000d}{section.9}% 30
\BOOKMARK [2][-]{subsection.9.3}{\376\377\000s\000o\000l\000v\000i\000n\000g}{section.9}% 31
\BOOKMARK [1][-]{section.10}{\376\377\000S\000o\000u\000r\000c\000e\000s\000\040\000o\000f\000\040\000o\000f\000f\000s\000e\000t}{}% 32
\BOOKMARK [2][-]{subsection.10.1}{\376\377\000I\000n\000p\000u\000t\000\040\000b\000u\000f\000f\000e\000r}{section.10}% 33
\BOOKMARK [3][-]{subsubsection.10.1.1}{\376\377\000I\000n\000p\000u\000t\000\040\000b\000i\000a\000s\000\040\000c\000u\000r\000r\000e\000n\000t\000\040\000o\000f\000f\000s\000e\000t}{subsection.10.1}% 34
\BOOKMARK [3][-]{subsubsection.10.1.2}{\376\377\000I\000n\000p\000u\000t\000\040\000v\000o\000l\000t\000a\000g\000e\000\040\000o\000f\000f\000s\000e\000t}{subsection.10.1}% 35
\BOOKMARK [2][-]{subsection.10.2}{\376\377\000O\000u\000t\000p\000u\000t\000\040\000b\000u\000f\000f\000e\000r}{section.10}% 36
\BOOKMARK [3][-]{subsubsection.10.2.1}{\376\377\000I\000n\000p\000u\000t\000\040\000b\000i\000a\000s\000\040\000c\000u\000r\000r\000e\000n\000t\000\040\000o\000f\000f\000s\000e\000t}{subsection.10.2}% 37
\BOOKMARK [3][-]{subsubsection.10.2.2}{\376\377\000I\000n\000p\000u\000t\000\040\000v\000o\000l\000t\000a\000g\000e\000\040\000o\000f\000f\000s\000e\000t}{subsection.10.2}% 38
\BOOKMARK [1][-]{section.11}{\376\377\000O\000u\000t\000p\000u\000t\000\040\000d\000i\000f\000f\000\040\000a\000m\000p}{}% 39
\BOOKMARK [1][-]{section.12}{\376\377\000N\000o\000i\000s\000e}{}% 40
\BOOKMARK [2][-]{subsection.12.1}{\376\377\000R\000e\000s\000i\000s\000t\000o\000r\000\040\000n\000o\000i\000s\000e}{section.12}% 41
\BOOKMARK [2][-]{subsection.12.2}{\376\377\000I\000n\000p\000u\000t\000\040\000b\000u\000f\000f\000e\000r\000\040\000n\000o\000i\000s\000e}{section.12}% 42
\BOOKMARK [2][-]{subsection.12.3}{\376\377\000O\000u\000t\000p\000u\000t\000\040\000b\000u\000f\000f\000e\000r\000\040\000n\000o\000i\000s\000e}{section.12}% 43
